<?xml version="1.0" encoding="UTF-8"?>
<!-- Generated by org.testng.reporters.JUnitReportReporter -->
<testsuite hostname="TRVL1T3D7G3" failures="0" tests="1" name="bible.HomeTest" time="10.715" errors="0" timestamp="2022-04-03T14:00:36 IST" skipped="0">
  <testcase classname="bible.HomeTest" name="TC_11homepagevisible" time="10.715"/>
  <system-out/>
</testsuite> <!-- bible.HomeTest -->
