<?xml version="1.0" encoding="UTF-8"?>
<!-- Generated by org.testng.reporters.JUnitReportReporter -->
<testsuite hostname="TRVL1T3D7G3" failures="0" tests="2" name="baseClass.Base" time="6.035" errors="0" timestamp="2022-03-27T21:08:35 IST" skipped="0">
  <testcase classname="baseClass.Base" name="callConfigFile" time="0.006"/>
  <system-out/>
  <testcase classname="baseClass.Base" name="initializeDriver" time="6.029"/>
  <system-out/>
</testsuite> <!-- baseClass.Base -->
