<?xml version="1.0" encoding="UTF-8"?>
<!-- Generated by org.testng.reporters.JUnitReportReporter -->
<testsuite hostname="TRVL1T3D7G3" failures="0" tests="1" name="bible.InvoiceverifyTest" time="10.390" errors="0" timestamp="2022-04-04T12:14:02 IST" skipped="0">
  <testcase classname="bible.InvoiceverifyTest" name="TC_29invoicewindowhandle" time="10.390"/>
  <system-out/>
</testsuite> <!-- bible.InvoiceverifyTest -->
