<?xml version="1.0" encoding="UTF-8"?>
<!-- Generated by org.testng.reporters.JUnitReportReporter -->
<testsuite hostname="TRVL1T3D7G3" failures="0" tests="1" name="TestCareDirect.CareDirectLogin" time="4.859" errors="0" timestamp="2022-03-23T07:45:27 IST" skipped="0">
  <testcase classname="TestCareDirect.CareDirectLogin" name="initialization" time="4.859"/>
  <system-out/>
</testsuite> <!-- TestCareDirect.CareDirectLogin -->
