<?xml version="1.0" encoding="UTF-8"?>
<!-- Generated by org.testng.reporters.JUnitReportReporter -->
<testsuite hostname="TRVL1T3D7G3" failures="0" tests="1" name="bible.WorkerTest" time="14.770" errors="0" timestamp="2022-04-03T19:22:05 IST" skipped="0">
  <testcase classname="bible.WorkerTest" name="TC_28resetwithallfilter" time="14.770"/>
  <system-out/>
</testsuite> <!-- bible.WorkerTest -->
