<?xml version="1.0" encoding="UTF-8"?>
<!-- Generated by org.testng.reporters.JUnitReportReporter -->
<testsuite hostname="TRVL1T3D7G3" failures="0" tests="1" name="bible.ClientTest" time="15.614" errors="0" timestamp="2022-04-03T15:54:17 IST" skipped="0">
  <testcase classname="bible.ClientTest" name="TC_10editclientdetails" time="15.614"/>
  <system-out/>
</testsuite> <!-- bible.ClientTest -->
