<?xml version="1.0" encoding="UTF-8"?>
<!-- Generated by org.testng.reporters.JUnitReportReporter -->
<testsuite hostname="TRVL1T3D7G3" failures="0" tests="1" name="bible.DeductionTest" time="17.022" errors="0" timestamp="2022-04-03T14:00:09 IST" skipped="0">
  <testcase classname="bible.DeductionTest" name="TC_17adddeduction" time="17.022"/>
  <system-out/>
</testsuite> <!-- bible.DeductionTest -->
