<?xml version="1.0" encoding="UTF-8"?>
<!-- Generated by org.testng.reporters.JUnitReportReporter -->
<testsuite hostname="TRVL1T3D7G3" failures="0" tests="2" name="bible.LoginTest" time="25.480" errors="0" timestamp="2022-03-30T12:54:36 IST" skipped="0">
  <testcase classname="bible.LoginTest" name="verifyuserloginwithvalidcredentials" time="11.989"/>
  <system-out/>
  <testcase classname="bible.LoginTest" name="verifyuserloginwithinvalidcredentials" time="13.491"/>
  <system-out/>
</testsuite> <!-- bible.LoginTest -->
