<?xml version="1.0" encoding="UTF-8"?>
<!-- Generated by org.testng.reporters.JUnitReportReporter -->
<testsuite hostname="TRVL1T3D7G3" failures="0" tests="4" name="bible.TimesheetTest" time="60.619" errors="0" timestamp="2022-04-03T13:55:33 IST" skipped="0">
  <testcase classname="bible.TimesheetTest" name="TC_23Approvetimesheet" time="16.247"/>
  <system-out/>
  <testcase classname="bible.TimesheetTest" name="TC_24createTimesheet" time="19.731"/>
  <system-out/>
  <testcase classname="bible.TimesheetTest" name="TC_21generateslip" time="11.858"/>
  <system-out/>
  <testcase classname="bible.TimesheetTest" name="TC_22generateinvoice" time="12.783"/>
  <system-out/>
</testsuite> <!-- bible.TimesheetTest -->
