<?xml version="1.0" encoding="UTF-8"?>
<!-- Generated by org.testng.reporters.JUnitReportReporter -->
<testsuite hostname="TRVL1T3D7G3" failures="0" tests="1" name="bible.PayslipCreateTest" time="11.043" errors="0" timestamp="2022-04-04T12:20:39 IST" skipped="0">
  <testcase classname="bible.PayslipCreateTest" name="TC_30payslippdfview" time="11.043"/>
  <system-out/>
</testsuite> <!-- bible.PayslipCreateTest -->
